Analysis & Synthesis report for tanx
Sun Jan 09 01:37:05 2022
Quartus Prime Version 20.1.0 Build 711 06/05/2020 SJ Lite Edition


---------------------
; Table of Contents ;
---------------------
  1. Legal Notice
  2. Analysis & Synthesis Summary
  3. Analysis & Synthesis Settings
  4. Parallel Compilation
  5. Analysis & Synthesis Source Files Read
  6. Analysis & Synthesis Resource Usage Summary
  7. Analysis & Synthesis Resource Utilization by Entity
  8. Analysis & Synthesis RAM Summary
  9. Analysis & Synthesis DSP Block Usage Summary
 10. Analysis & Synthesis IP Cores Summary
 11. General Register Statistics
 12. Inverted Register Statistics
 13. Multiplexer Restructuring Statistics (Restructuring Performed)
 14. Source assignments for ROM1PORT:inst|altsyncram:altsyncram_component|altsyncram_js81:auto_generated
 15. Parameter Settings for User Entity Instance: counter:inst7|lpm_counter:LPM_COUNTER_component
 16. Parameter Settings for User Entity Instance: adder:inst8|lpm_add_sub:LPM_ADD_SUB_component
 17. Parameter Settings for User Entity Instance: multiplier:inst5|lpm_mult:lpm_mult_component
 18. Parameter Settings for User Entity Instance: multiplexer:inst6|lpm_mux:LPM_MUX_component
 19. Parameter Settings for User Entity Instance: ROM1PORT:inst|altsyncram:altsyncram_component
 20. lpm_mult Parameter Settings by Entity Instance
 21. altsyncram Parameter Settings by Entity Instance
 22. Post-Synthesis Netlist Statistics for Top Partition
 23. Elapsed Time Per Partition
 24. Analysis & Synthesis Messages



----------------
; Legal Notice ;
----------------
Copyright (C) 2020  Intel Corporation. All rights reserved.
Your use of Intel Corporation's design tools, logic functions 
and other software and tools, and any partner logic 
functions, and any output files from any of the foregoing 
(including device programming or simulation files), and any 
associated documentation or information are expressly subject 
to the terms and conditions of the Intel Program License 
Subscription Agreement, the Intel Quartus Prime License Agreement,
the Intel FPGA IP License Agreement, or other applicable license
agreement, including, without limitation, that your use is for
the sole purpose of programming logic devices manufactured by
Intel and sold by Intel or its authorized distributors.  Please
refer to the applicable agreement for further details, at
https://fpgasoftware.intel.com/eula.



+----------------------------------------------------------------------------------+
; Analysis & Synthesis Summary                                                     ;
+------------------------------------+---------------------------------------------+
; Analysis & Synthesis Status        ; Successful - Sun Jan 09 01:37:05 2022       ;
; Quartus Prime Version              ; 20.1.0 Build 711 06/05/2020 SJ Lite Edition ;
; Revision Name                      ; tanx                                        ;
; Top-level Entity Name              ; tanx                                        ;
; Family                             ; Cyclone IV E                                ;
; Total logic elements               ; 86                                          ;
;     Total combinational functions  ; 71                                          ;
;     Dedicated logic registers      ; 51                                          ;
; Total registers                    ; 51                                          ;
; Total pins                         ; 43                                          ;
; Total virtual pins                 ; 0                                           ;
; Total memory bits                  ; 128                                         ;
; Embedded Multiplier 9-bit elements ; 2                                           ;
; Total PLLs                         ; 0                                           ;
+------------------------------------+---------------------------------------------+


+------------------------------------------------------------------------------------------------------------+
; Analysis & Synthesis Settings                                                                              ;
+------------------------------------------------------------------+--------------------+--------------------+
; Option                                                           ; Setting            ; Default Value      ;
+------------------------------------------------------------------+--------------------+--------------------+
; Device                                                           ; EP4CE6E22A7        ;                    ;
; Top-level entity name                                            ; tanx               ; tanx               ;
; Family name                                                      ; Cyclone IV E       ; Cyclone V          ;
; Use smart compilation                                            ; Off                ; Off                ;
; Enable parallel Assembler and Timing Analyzer during compilation ; On                 ; On                 ;
; Enable compact report table                                      ; Off                ; Off                ;
; Restructure Multiplexers                                         ; Auto               ; Auto               ;
; Create Debugging Nodes for IP Cores                              ; Off                ; Off                ;
; Preserve fewer node names                                        ; On                 ; On                 ;
; Intel FPGA IP Evaluation Mode                                    ; Enable             ; Enable             ;
; Verilog Version                                                  ; Verilog_2001       ; Verilog_2001       ;
; VHDL Version                                                     ; VHDL_1993          ; VHDL_1993          ;
; State Machine Processing                                         ; Auto               ; Auto               ;
; Safe State Machine                                               ; Off                ; Off                ;
; Extract Verilog State Machines                                   ; On                 ; On                 ;
; Extract VHDL State Machines                                      ; On                 ; On                 ;
; Ignore Verilog initial constructs                                ; Off                ; Off                ;
; Iteration limit for constant Verilog loops                       ; 5000               ; 5000               ;
; Iteration limit for non-constant Verilog loops                   ; 250                ; 250                ;
; Add Pass-Through Logic to Inferred RAMs                          ; On                 ; On                 ;
; Infer RAMs from Raw Logic                                        ; On                 ; On                 ;
; Parallel Synthesis                                               ; On                 ; On                 ;
; DSP Block Balancing                                              ; Auto               ; Auto               ;
; NOT Gate Push-Back                                               ; On                 ; On                 ;
; Power-Up Don't Care                                              ; On                 ; On                 ;
; Remove Redundant Logic Cells                                     ; Off                ; Off                ;
; Remove Duplicate Registers                                       ; On                 ; On                 ;
; Ignore CARRY Buffers                                             ; Off                ; Off                ;
; Ignore CASCADE Buffers                                           ; Off                ; Off                ;
; Ignore GLOBAL Buffers                                            ; Off                ; Off                ;
; Ignore ROW GLOBAL Buffers                                        ; Off                ; Off                ;
; Ignore LCELL Buffers                                             ; Off                ; Off                ;
; Ignore SOFT Buffers                                              ; On                 ; On                 ;
; Limit AHDL Integers to 32 Bits                                   ; Off                ; Off                ;
; Optimization Technique                                           ; Balanced           ; Balanced           ;
; Carry Chain Length                                               ; 70                 ; 70                 ;
; Auto Carry Chains                                                ; On                 ; On                 ;
; Auto Open-Drain Pins                                             ; On                 ; On                 ;
; Perform WYSIWYG Primitive Resynthesis                            ; Off                ; Off                ;
; Auto ROM Replacement                                             ; On                 ; On                 ;
; Auto RAM Replacement                                             ; On                 ; On                 ;
; Auto DSP Block Replacement                                       ; On                 ; On                 ;
; Auto Shift Register Replacement                                  ; Auto               ; Auto               ;
; Allow Shift Register Merging across Hierarchies                  ; Auto               ; Auto               ;
; Auto Clock Enable Replacement                                    ; On                 ; On                 ;
; Strict RAM Replacement                                           ; Off                ; Off                ;
; Allow Synchronous Control Signals                                ; On                 ; On                 ;
; Force Use of Synchronous Clear Signals                           ; Off                ; Off                ;
; Auto RAM Block Balancing                                         ; On                 ; On                 ;
; Auto RAM to Logic Cell Conversion                                ; Off                ; Off                ;
; Auto Resource Sharing                                            ; Off                ; Off                ;
; Allow Any RAM Size For Recognition                               ; Off                ; Off                ;
; Allow Any ROM Size For Recognition                               ; Off                ; Off                ;
; Allow Any Shift Register Size For Recognition                    ; Off                ; Off                ;
; Use LogicLock Constraints during Resource Balancing              ; On                 ; On                 ;
; Ignore translate_off and synthesis_off directives                ; Off                ; Off                ;
; Timing-Driven Synthesis                                          ; On                 ; On                 ;
; Report Parameter Settings                                        ; On                 ; On                 ;
; Report Source Assignments                                        ; On                 ; On                 ;
; Report Connectivity Checks                                       ; On                 ; On                 ;
; Ignore Maximum Fan-Out Assignments                               ; Off                ; Off                ;
; Synchronization Register Chain Length                            ; 2                  ; 2                  ;
; Power Optimization During Synthesis                              ; Normal compilation ; Normal compilation ;
; HDL message level                                                ; Level2             ; Level2             ;
; Suppress Register Optimization Related Messages                  ; Off                ; Off                ;
; Number of Removed Registers Reported in Synthesis Report         ; 5000               ; 5000               ;
; Number of Swept Nodes Reported in Synthesis Report               ; 5000               ; 5000               ;
; Number of Inverted Registers Reported in Synthesis Report        ; 100                ; 100                ;
; Clock MUX Protection                                             ; On                 ; On                 ;
; Auto Gated Clock Conversion                                      ; Off                ; Off                ;
; Block Design Naming                                              ; Auto               ; Auto               ;
; SDC constraint protection                                        ; Off                ; Off                ;
; Synthesis Effort                                                 ; Auto               ; Auto               ;
; Shift Register Replacement - Allow Asynchronous Clear Signal     ; On                 ; On                 ;
; Pre-Mapping Resynthesis Optimization                             ; Off                ; Off                ;
; Analysis & Synthesis Message Level                               ; Medium             ; Medium             ;
; Disable Register Merging Across Hierarchies                      ; Auto               ; Auto               ;
; Resource Aware Inference For Block RAM                           ; On                 ; On                 ;
+------------------------------------------------------------------+--------------------+--------------------+


+------------------------------------------+
; Parallel Compilation                     ;
+----------------------------+-------------+
; Processors                 ; Number      ;
+----------------------------+-------------+
; Number detected on machine ; 12          ;
; Maximum allowed            ; 6           ;
;                            ;             ;
; Average used               ; 1.00        ;
; Maximum used               ; 6           ;
;                            ;             ;
; Usage by Processor         ; % Time Used ;
;     Processor 1            ; 100.0%      ;
;     Processors 2-6         ;   0.0%      ;
+----------------------------+-------------+


+----------------------------------------------------------------------------------------------------------------------------------------------------------------------------------------+
; Analysis & Synthesis Source Files Read                                                                                                                                                 ;
+----------------------------------+-----------------+----------------------------------------+--------------------------------------------------------------------------------+---------+
; File Name with User-Entered Path ; Used in Netlist ; File Type                              ; File Name with Absolute Path                                                   ; Library ;
+----------------------------------+-----------------+----------------------------------------+--------------------------------------------------------------------------------+---------+
; register.v                       ; yes             ; User Verilog HDL File                  ; C:/Users/Asus/Desktop/CA6/part B/register.v                                    ;         ;
; counter.v                        ; yes             ; User Wizard-Generated File             ; C:/Users/Asus/Desktop/CA6/part B/counter.v                                     ;         ;
; multiplexer.v                    ; yes             ; User Wizard-Generated File             ; C:/Users/Asus/Desktop/CA6/part B/multiplexer.v                                 ;         ;
; multiplier.v                     ; yes             ; User Wizard-Generated File             ; C:/Users/Asus/Desktop/CA6/part B/multiplier.v                                  ;         ;
; adder.v                          ; yes             ; User Wizard-Generated File             ; C:/Users/Asus/Desktop/CA6/part B/adder.v                                       ;         ;
; tanx.bdf                         ; yes             ; User Block Diagram/Schematic File      ; C:/Users/Asus/Desktop/CA6/part B/tanx.bdf                                      ;         ;
; lpm_counter.tdf                  ; yes             ; Megafunction                           ; c:/intelfpga_lite/20.1/quartus/libraries/megafunctions/lpm_counter.tdf         ;         ;
; lpm_constant.inc                 ; yes             ; Megafunction                           ; c:/intelfpga_lite/20.1/quartus/libraries/megafunctions/lpm_constant.inc        ;         ;
; lpm_decode.inc                   ; yes             ; Megafunction                           ; c:/intelfpga_lite/20.1/quartus/libraries/megafunctions/lpm_decode.inc          ;         ;
; lpm_add_sub.inc                  ; yes             ; Megafunction                           ; c:/intelfpga_lite/20.1/quartus/libraries/megafunctions/lpm_add_sub.inc         ;         ;
; cmpconst.inc                     ; yes             ; Megafunction                           ; c:/intelfpga_lite/20.1/quartus/libraries/megafunctions/cmpconst.inc            ;         ;
; lpm_compare.inc                  ; yes             ; Megafunction                           ; c:/intelfpga_lite/20.1/quartus/libraries/megafunctions/lpm_compare.inc         ;         ;
; lpm_counter.inc                  ; yes             ; Megafunction                           ; c:/intelfpga_lite/20.1/quartus/libraries/megafunctions/lpm_counter.inc         ;         ;
; dffeea.inc                       ; yes             ; Megafunction                           ; c:/intelfpga_lite/20.1/quartus/libraries/megafunctions/dffeea.inc              ;         ;
; alt_counter_stratix.inc          ; yes             ; Megafunction                           ; c:/intelfpga_lite/20.1/quartus/libraries/megafunctions/alt_counter_stratix.inc ;         ;
; aglobal201.inc                   ; yes             ; Megafunction                           ; c:/intelfpga_lite/20.1/quartus/libraries/megafunctions/aglobal201.inc          ;         ;
; db/cntr_2lk.tdf                  ; yes             ; Auto-Generated Megafunction            ; C:/Users/Asus/Desktop/CA6/part B/db/cntr_2lk.tdf                               ;         ;
; db/cmpr_pgc.tdf                  ; yes             ; Auto-Generated Megafunction            ; C:/Users/Asus/Desktop/CA6/part B/db/cmpr_pgc.tdf                               ;         ;
; lpm_add_sub.tdf                  ; yes             ; Megafunction                           ; c:/intelfpga_lite/20.1/quartus/libraries/megafunctions/lpm_add_sub.tdf         ;         ;
; addcore.inc                      ; yes             ; Megafunction                           ; c:/intelfpga_lite/20.1/quartus/libraries/megafunctions/addcore.inc             ;         ;
; look_add.inc                     ; yes             ; Megafunction                           ; c:/intelfpga_lite/20.1/quartus/libraries/megafunctions/look_add.inc            ;         ;
; bypassff.inc                     ; yes             ; Megafunction                           ; c:/intelfpga_lite/20.1/quartus/libraries/megafunctions/bypassff.inc            ;         ;
; altshift.inc                     ; yes             ; Megafunction                           ; c:/intelfpga_lite/20.1/quartus/libraries/megafunctions/altshift.inc            ;         ;
; alt_stratix_add_sub.inc          ; yes             ; Megafunction                           ; c:/intelfpga_lite/20.1/quartus/libraries/megafunctions/alt_stratix_add_sub.inc ;         ;
; db/add_sub_dqh.tdf               ; yes             ; Auto-Generated Megafunction            ; C:/Users/Asus/Desktop/CA6/part B/db/add_sub_dqh.tdf                            ;         ;
; lpm_mult.tdf                     ; yes             ; Megafunction                           ; c:/intelfpga_lite/20.1/quartus/libraries/megafunctions/lpm_mult.tdf            ;         ;
; multcore.inc                     ; yes             ; Megafunction                           ; c:/intelfpga_lite/20.1/quartus/libraries/megafunctions/multcore.inc            ;         ;
; db/mult_qfn.tdf                  ; yes             ; Auto-Generated Megafunction            ; C:/Users/Asus/Desktop/CA6/part B/db/mult_qfn.tdf                               ;         ;
; lpm_mux.tdf                      ; yes             ; Megafunction                           ; c:/intelfpga_lite/20.1/quartus/libraries/megafunctions/lpm_mux.tdf             ;         ;
; muxlut.inc                       ; yes             ; Megafunction                           ; c:/intelfpga_lite/20.1/quartus/libraries/megafunctions/muxlut.inc              ;         ;
; db/mux_tsc.tdf                   ; yes             ; Auto-Generated Megafunction            ; C:/Users/Asus/Desktop/CA6/part B/db/mux_tsc.tdf                                ;         ;
; rom1port.v                       ; yes             ; Auto-Found Wizard-Generated File       ; C:/Users/Asus/Desktop/CA6/part B/rom1port.v                                    ;         ;
; altsyncram.tdf                   ; yes             ; Megafunction                           ; c:/intelfpga_lite/20.1/quartus/libraries/megafunctions/altsyncram.tdf          ;         ;
; stratix_ram_block.inc            ; yes             ; Megafunction                           ; c:/intelfpga_lite/20.1/quartus/libraries/megafunctions/stratix_ram_block.inc   ;         ;
; lpm_mux.inc                      ; yes             ; Megafunction                           ; c:/intelfpga_lite/20.1/quartus/libraries/megafunctions/lpm_mux.inc             ;         ;
; a_rdenreg.inc                    ; yes             ; Megafunction                           ; c:/intelfpga_lite/20.1/quartus/libraries/megafunctions/a_rdenreg.inc           ;         ;
; altrom.inc                       ; yes             ; Megafunction                           ; c:/intelfpga_lite/20.1/quartus/libraries/megafunctions/altrom.inc              ;         ;
; altram.inc                       ; yes             ; Megafunction                           ; c:/intelfpga_lite/20.1/quartus/libraries/megafunctions/altram.inc              ;         ;
; altdpram.inc                     ; yes             ; Megafunction                           ; c:/intelfpga_lite/20.1/quartus/libraries/megafunctions/altdpram.inc            ;         ;
; db/altsyncram_js81.tdf           ; yes             ; Auto-Generated Megafunction            ; C:/Users/Asus/Desktop/CA6/part B/db/altsyncram_js81.tdf                        ;         ;
; rom.mif                          ; yes             ; Auto-Found Memory Initialization File  ; C:/Users/Asus/Desktop/CA6/part B/rom.mif                                       ;         ;
+----------------------------------+-----------------+----------------------------------------+--------------------------------------------------------------------------------+---------+


+---------------------------------------------------------+
; Analysis & Synthesis Resource Usage Summary             ;
+---------------------------------------------+-----------+
; Resource                                    ; Usage     ;
+---------------------------------------------+-----------+
; Estimated Total logic elements              ; 86        ;
;                                             ;           ;
; Total combinational functions               ; 71        ;
; Logic element usage by number of LUT inputs ;           ;
;     -- 4 input functions                    ; 2         ;
;     -- 3 input functions                    ; 34        ;
;     -- <=2 input functions                  ; 35        ;
;                                             ;           ;
; Logic elements by mode                      ;           ;
;     -- normal mode                          ; 56        ;
;     -- arithmetic mode                      ; 15        ;
;                                             ;           ;
; Total registers                             ; 51        ;
;     -- Dedicated logic registers            ; 51        ;
;     -- I/O registers                        ; 0         ;
;                                             ;           ;
; I/O pins                                    ; 43        ;
; Total memory bits                           ; 128       ;
;                                             ;           ;
; Embedded Multiplier 9-bit elements          ; 2         ;
;                                             ;           ;
; Maximum fan-out node                        ; clk~input ;
; Maximum fan-out                             ; 67        ;
; Total fan-out                               ; 538       ;
; Average fan-out                             ; 2.38      ;
+---------------------------------------------+-----------+


+--------------------------------------------------------------------------------------------------------------------------------------------------------------------------------------------------------------------------------------------------------------------------------------------+
; Analysis & Synthesis Resource Utilization by Entity                                                                                                                                                                                                                                        ;
+-------------------------------------------+---------------------+---------------------------+-------------+--------------+---------+-----------+------+--------------+------------------------------------------------------------------------------------+-----------------+--------------+
; Compilation Hierarchy Node                ; Combinational ALUTs ; Dedicated Logic Registers ; Memory Bits ; DSP Elements ; DSP 9x9 ; DSP 18x18 ; Pins ; Virtual Pins ; Full Hierarchy Name                                                                ; Entity Name     ; Library Name ;
+-------------------------------------------+---------------------+---------------------------+-------------+--------------+---------+-----------+------+--------------+------------------------------------------------------------------------------------+-----------------+--------------+
; |tanx                                     ; 71 (0)              ; 51 (0)                    ; 128         ; 2            ; 0       ; 1         ; 43   ; 0            ; |tanx                                                                              ; tanx            ; work         ;
;    |ROM1PORT:inst|                        ; 0 (0)               ; 0 (0)                     ; 128         ; 0            ; 0       ; 0         ; 0    ; 0            ; |tanx|ROM1PORT:inst                                                                ; ROM1PORT        ; work         ;
;       |altsyncram:altsyncram_component|   ; 0 (0)               ; 0 (0)                     ; 128         ; 0            ; 0       ; 0         ; 0    ; 0            ; |tanx|ROM1PORT:inst|altsyncram:altsyncram_component                                ; altsyncram      ; work         ;
;          |altsyncram_js81:auto_generated| ; 0 (0)               ; 0 (0)                     ; 128         ; 0            ; 0       ; 0         ; 0    ; 0            ; |tanx|ROM1PORT:inst|altsyncram:altsyncram_component|altsyncram_js81:auto_generated ; altsyncram_js81 ; work         ;
;    |adder:inst8|                          ; 16 (0)              ; 0 (0)                     ; 0           ; 0            ; 0       ; 0         ; 0    ; 0            ; |tanx|adder:inst8                                                                  ; adder           ; work         ;
;       |lpm_add_sub:LPM_ADD_SUB_component| ; 16 (0)              ; 0 (0)                     ; 0           ; 0            ; 0       ; 0         ; 0    ; 0            ; |tanx|adder:inst8|lpm_add_sub:LPM_ADD_SUB_component                                ; lpm_add_sub     ; work         ;
;          |add_sub_dqh:auto_generated|     ; 16 (16)             ; 0 (0)                     ; 0           ; 0            ; 0       ; 0         ; 0    ; 0            ; |tanx|adder:inst8|lpm_add_sub:LPM_ADD_SUB_component|add_sub_dqh:auto_generated     ; add_sub_dqh     ; work         ;
;    |counter:inst7|                        ; 4 (0)               ; 3 (0)                     ; 0           ; 0            ; 0       ; 0         ; 0    ; 0            ; |tanx|counter:inst7                                                                ; counter         ; work         ;
;       |lpm_counter:LPM_COUNTER_component| ; 4 (0)               ; 3 (0)                     ; 0           ; 0            ; 0       ; 0         ; 0    ; 0            ; |tanx|counter:inst7|lpm_counter:LPM_COUNTER_component                              ; lpm_counter     ; work         ;
;          |cntr_2lk:auto_generated|        ; 4 (4)               ; 3 (3)                     ; 0           ; 0            ; 0       ; 0         ; 0    ; 0            ; |tanx|counter:inst7|lpm_counter:LPM_COUNTER_component|cntr_2lk:auto_generated      ; cntr_2lk        ; work         ;
;    |multiplexer:inst6|                    ; 16 (0)              ; 0 (0)                     ; 0           ; 0            ; 0       ; 0         ; 0    ; 0            ; |tanx|multiplexer:inst6                                                            ; multiplexer     ; work         ;
;       |lpm_mux:LPM_MUX_component|         ; 16 (0)              ; 0 (0)                     ; 0           ; 0            ; 0       ; 0         ; 0    ; 0            ; |tanx|multiplexer:inst6|lpm_mux:LPM_MUX_component                                  ; lpm_mux         ; work         ;
;          |mux_tsc:auto_generated|         ; 16 (16)             ; 0 (0)                     ; 0           ; 0            ; 0       ; 0         ; 0    ; 0            ; |tanx|multiplexer:inst6|lpm_mux:LPM_MUX_component|mux_tsc:auto_generated           ; mux_tsc         ; work         ;
;    |multiplier:inst5|                     ; 0 (0)               ; 0 (0)                     ; 0           ; 2            ; 0       ; 1         ; 0    ; 0            ; |tanx|multiplier:inst5                                                             ; multiplier      ; work         ;
;       |lpm_mult:lpm_mult_component|       ; 0 (0)               ; 0 (0)                     ; 0           ; 2            ; 0       ; 1         ; 0    ; 0            ; |tanx|multiplier:inst5|lpm_mult:lpm_mult_component                                 ; lpm_mult        ; work         ;
;          |mult_qfn:auto_generated|        ; 0 (0)               ; 0 (0)                     ; 0           ; 2            ; 0       ; 1         ; 0    ; 0            ; |tanx|multiplier:inst5|lpm_mult:lpm_mult_component|mult_qfn:auto_generated         ; mult_qfn        ; work         ;
;    |register:inst2|                       ; 1 (1)               ; 16 (16)                   ; 0           ; 0            ; 0       ; 0         ; 0    ; 0            ; |tanx|register:inst2                                                               ; register        ; work         ;
;    |register:inst3|                       ; 17 (17)             ; 16 (16)                   ; 0           ; 0            ; 0       ; 0         ; 0    ; 0            ; |tanx|register:inst3                                                               ; register        ; work         ;
;    |register:inst4|                       ; 17 (17)             ; 16 (16)                   ; 0           ; 0            ; 0       ; 0         ; 0    ; 0            ; |tanx|register:inst4                                                               ; register        ; work         ;
+-------------------------------------------+---------------------+---------------------------+-------------+--------------+---------+-----------+------+--------------+------------------------------------------------------------------------------------+-----------------+--------------+
Note: For table entries with two numbers listed, the numbers in parentheses indicate the number of resources of the given type used by the specific entity alone. The numbers listed outside of parentheses indicate the total resources of the given type used by the specific entity and all of its sub-entities in the hierarchy.


+------------------------------------------------------------------------------------------------------------------------------------------------------------------------------------+
; Analysis & Synthesis RAM Summary                                                                                                                                                   ;
+-----------------------------------------------------------------------------------------+------+------+--------------+--------------+--------------+--------------+------+---------+
; Name                                                                                    ; Type ; Mode ; Port A Depth ; Port A Width ; Port B Depth ; Port B Width ; Size ; MIF     ;
+-----------------------------------------------------------------------------------------+------+------+--------------+--------------+--------------+--------------+------+---------+
; ROM1PORT:inst|altsyncram:altsyncram_component|altsyncram_js81:auto_generated|ALTSYNCRAM ; AUTO ; ROM  ; 8            ; 16           ; --           ; --           ; 128  ; ROM.mif ;
+-----------------------------------------------------------------------------------------+------+------+--------------+--------------+--------------+--------------+------+---------+


+-----------------------------------------------------+
; Analysis & Synthesis DSP Block Usage Summary        ;
+---------------------------------------+-------------+
; Statistic                             ; Number Used ;
+---------------------------------------+-------------+
; Simple Multipliers (9-bit)            ; 0           ;
; Simple Multipliers (18-bit)           ; 1           ;
; Embedded Multiplier Blocks            ; --          ;
; Embedded Multiplier 9-bit elements    ; 2           ;
; Signed Embedded Multipliers           ; 0           ;
; Unsigned Embedded Multipliers         ; 1           ;
; Mixed Sign Embedded Multipliers       ; 0           ;
; Variable Sign Embedded Multipliers    ; 0           ;
; Dedicated Input Shift Register Chains ; 0           ;
+---------------------------------------+-------------+
Note: number of Embedded Multiplier Blocks used is only available after a successful fit.


+-----------------------------------------------------------------------------------------------------------+
; Analysis & Synthesis IP Cores Summary                                                                     ;
+--------+--------------+---------+--------------+--------------+-------------------------+-----------------+
; Vendor ; IP Core Name ; Version ; Release Date ; License Type ; Entity Instance         ; IP Include File ;
+--------+--------------+---------+--------------+--------------+-------------------------+-----------------+
; Altera ; LPM_MULT     ; 20.1    ; N/A          ; N/A          ; |tanx|multiplier:inst5  ; multiplier.v    ;
; Altera ; LPM_MUX      ; 20.1    ; N/A          ; N/A          ; |tanx|multiplexer:inst6 ; multiplexer.v   ;
; Altera ; LPM_COUNTER  ; 20.1    ; N/A          ; N/A          ; |tanx|counter:inst7     ; counter.v       ;
; Altera ; LPM_ADD_SUB  ; 20.1    ; N/A          ; N/A          ; |tanx|adder:inst8       ; adder.v         ;
+--------+--------------+---------+--------------+--------------+-------------------------+-----------------+


+------------------------------------------------------+
; General Register Statistics                          ;
+----------------------------------------------+-------+
; Statistic                                    ; Value ;
+----------------------------------------------+-------+
; Total registers                              ; 51    ;
; Number of registers using Synchronous Clear  ; 0     ;
; Number of registers using Synchronous Load   ; 0     ;
; Number of registers using Asynchronous Clear ; 51    ;
; Number of registers using Asynchronous Load  ; 0     ;
; Number of registers using Clock Enable       ; 49    ;
; Number of registers using Preset             ; 0     ;
+----------------------------------------------+-------+


+--------------------------------------------------+
; Inverted Register Statistics                     ;
+----------------------------------------+---------+
; Inverted Register                      ; Fan out ;
+----------------------------------------+---------+
; register:inst3|outBus[0]               ; 3       ;
; register:inst4|outBus[0]               ; 3       ;
; register:inst2|outBus[0]               ; 1       ;
; Total number of inverted registers = 3 ;         ;
+----------------------------------------+---------+


+-----------------------------------------------------------------------------------------------------------------------------------------------+
; Multiplexer Restructuring Statistics (Restructuring Performed)                                                                                ;
+--------------------+-----------+---------------+----------------------+------------------------+------------+---------------------------------+
; Multiplexer Inputs ; Bus Width ; Baseline Area ; Area if Restructured ; Saving if Restructured ; Registered ; Example Multiplexer Output      ;
+--------------------+-----------+---------------+----------------------+------------------------+------------+---------------------------------+
; 3:1                ; 15 bits   ; 30 LEs        ; 15 LEs               ; 15 LEs                 ; Yes        ; |tanx|register:inst3|outBus[15] ;
; 3:1                ; 15 bits   ; 30 LEs        ; 15 LEs               ; 15 LEs                 ; Yes        ; |tanx|register:inst4|outBus[1]  ;
+--------------------+-----------+---------------+----------------------+------------------------+------------+---------------------------------+


+-----------------------------------------------------------------------------------------------------+
; Source assignments for ROM1PORT:inst|altsyncram:altsyncram_component|altsyncram_js81:auto_generated ;
+---------------------------------+--------------------+------+---------------------------------------+
; Assignment                      ; Value              ; From ; To                                    ;
+---------------------------------+--------------------+------+---------------------------------------+
; OPTIMIZE_POWER_DURING_SYNTHESIS ; NORMAL_COMPILATION ; -    ; -                                     ;
+---------------------------------+--------------------+------+---------------------------------------+


+----------------------------------------------------------------------------------------------+
; Parameter Settings for User Entity Instance: counter:inst7|lpm_counter:LPM_COUNTER_component ;
+------------------------+--------------+------------------------------------------------------+
; Parameter Name         ; Value        ; Type                                                 ;
+------------------------+--------------+------------------------------------------------------+
; AUTO_CARRY_CHAINS      ; ON           ; AUTO_CARRY                                           ;
; IGNORE_CARRY_BUFFERS   ; OFF          ; IGNORE_CARRY                                         ;
; AUTO_CASCADE_CHAINS    ; ON           ; AUTO_CASCADE                                         ;
; IGNORE_CASCADE_BUFFERS ; OFF          ; IGNORE_CASCADE                                       ;
; LPM_WIDTH              ; 3            ; Signed Integer                                       ;
; LPM_DIRECTION          ; UP           ; Untyped                                              ;
; LPM_MODULUS            ; 7            ; Signed Integer                                       ;
; LPM_AVALUE             ; UNUSED       ; Untyped                                              ;
; LPM_SVALUE             ; UNUSED       ; Untyped                                              ;
; LPM_PORT_UPDOWN        ; PORT_UNUSED  ; Untyped                                              ;
; DEVICE_FAMILY          ; Cyclone IV E ; Untyped                                              ;
; CARRY_CHAIN            ; MANUAL       ; Untyped                                              ;
; CARRY_CHAIN_LENGTH     ; 48           ; CARRY_CHAIN_LENGTH                                   ;
; NOT_GATE_PUSH_BACK     ; ON           ; NOT_GATE_PUSH_BACK                                   ;
; CARRY_CNT_EN           ; SMART        ; Untyped                                              ;
; LABWIDE_SCLR           ; ON           ; Untyped                                              ;
; USE_NEW_VERSION        ; TRUE         ; Untyped                                              ;
; CBXI_PARAMETER         ; cntr_2lk     ; Untyped                                              ;
+------------------------+--------------+------------------------------------------------------+
Note: In order to hide this table in the UI and the text report file, please set the "Show Parameter Settings in Synthesis Report" option in "Analysis and Synthesis Settings -> More Settings" to "Off".


+--------------------------------------------------------------------------------------------+
; Parameter Settings for User Entity Instance: adder:inst8|lpm_add_sub:LPM_ADD_SUB_component ;
+------------------------+--------------+----------------------------------------------------+
; Parameter Name         ; Value        ; Type                                               ;
+------------------------+--------------+----------------------------------------------------+
; LPM_WIDTH              ; 16           ; Signed Integer                                     ;
; LPM_REPRESENTATION     ; UNSIGNED     ; Untyped                                            ;
; LPM_DIRECTION          ; ADD          ; Untyped                                            ;
; ONE_INPUT_IS_CONSTANT  ; NO           ; Untyped                                            ;
; LPM_PIPELINE           ; 0            ; Untyped                                            ;
; MAXIMIZE_SPEED         ; 5            ; Untyped                                            ;
; REGISTERED_AT_END      ; 0            ; Untyped                                            ;
; OPTIMIZE_FOR_SPEED     ; 5            ; Untyped                                            ;
; USE_CS_BUFFERS         ; 1            ; Untyped                                            ;
; CARRY_CHAIN            ; MANUAL       ; Untyped                                            ;
; CARRY_CHAIN_LENGTH     ; 48           ; CARRY_CHAIN_LENGTH                                 ;
; DEVICE_FAMILY          ; Cyclone IV E ; Untyped                                            ;
; USE_WYS                ; OFF          ; Untyped                                            ;
; STYLE                  ; FAST         ; Untyped                                            ;
; CBXI_PARAMETER         ; add_sub_dqh  ; Untyped                                            ;
; AUTO_CARRY_CHAINS      ; ON           ; AUTO_CARRY                                         ;
; IGNORE_CARRY_BUFFERS   ; OFF          ; IGNORE_CARRY                                       ;
; AUTO_CASCADE_CHAINS    ; ON           ; AUTO_CASCADE                                       ;
; IGNORE_CASCADE_BUFFERS ; OFF          ; IGNORE_CASCADE                                     ;
+------------------------+--------------+----------------------------------------------------+
Note: In order to hide this table in the UI and the text report file, please set the "Show Parameter Settings in Synthesis Report" option in "Analysis and Synthesis Settings -> More Settings" to "Off".


+-------------------------------------------------------------------------------------------+
; Parameter Settings for User Entity Instance: multiplier:inst5|lpm_mult:lpm_mult_component ;
+------------------------------------------------+--------------+---------------------------+
; Parameter Name                                 ; Value        ; Type                      ;
+------------------------------------------------+--------------+---------------------------+
; AUTO_CARRY_CHAINS                              ; ON           ; AUTO_CARRY                ;
; IGNORE_CARRY_BUFFERS                           ; OFF          ; IGNORE_CARRY              ;
; AUTO_CASCADE_CHAINS                            ; ON           ; AUTO_CASCADE              ;
; IGNORE_CASCADE_BUFFERS                         ; OFF          ; IGNORE_CASCADE            ;
; LPM_WIDTHA                                     ; 16           ; Signed Integer            ;
; LPM_WIDTHB                                     ; 16           ; Signed Integer            ;
; LPM_WIDTHP                                     ; 16           ; Signed Integer            ;
; LPM_WIDTHR                                     ; 0            ; Untyped                   ;
; LPM_WIDTHS                                     ; 1            ; Untyped                   ;
; LPM_REPRESENTATION                             ; UNSIGNED     ; Untyped                   ;
; LPM_PIPELINE                                   ; 0            ; Untyped                   ;
; LATENCY                                        ; 0            ; Untyped                   ;
; INPUT_A_IS_CONSTANT                            ; NO           ; Untyped                   ;
; INPUT_B_IS_CONSTANT                            ; NO           ; Untyped                   ;
; USE_EAB                                        ; OFF          ; Untyped                   ;
; MAXIMIZE_SPEED                                 ; 5            ; Untyped                   ;
; DEVICE_FAMILY                                  ; Cyclone IV E ; Untyped                   ;
; CARRY_CHAIN                                    ; MANUAL       ; Untyped                   ;
; APEX20K_TECHNOLOGY_MAPPER                      ; LUT          ; TECH_MAPPER_APEX20K       ;
; DEDICATED_MULTIPLIER_CIRCUITRY                 ; AUTO         ; Untyped                   ;
; DEDICATED_MULTIPLIER_MIN_INPUT_WIDTH_FOR_AUTO  ; 0            ; Untyped                   ;
; DEDICATED_MULTIPLIER_MIN_OUTPUT_WIDTH_FOR_AUTO ; 0            ; Untyped                   ;
; CBXI_PARAMETER                                 ; mult_qfn     ; Untyped                   ;
; INPUT_A_FIXED_VALUE                            ; Bx           ; Untyped                   ;
; INPUT_B_FIXED_VALUE                            ; Bx           ; Untyped                   ;
; USE_AHDL_IMPLEMENTATION                        ; OFF          ; Untyped                   ;
+------------------------------------------------+--------------+---------------------------+
Note: In order to hide this table in the UI and the text report file, please set the "Show Parameter Settings in Synthesis Report" option in "Analysis and Synthesis Settings -> More Settings" to "Off".


+------------------------------------------------------------------------------------------+
; Parameter Settings for User Entity Instance: multiplexer:inst6|lpm_mux:LPM_MUX_component ;
+------------------------+--------------+--------------------------------------------------+
; Parameter Name         ; Value        ; Type                                             ;
+------------------------+--------------+--------------------------------------------------+
; AUTO_CARRY_CHAINS      ; ON           ; AUTO_CARRY                                       ;
; IGNORE_CARRY_BUFFERS   ; OFF          ; IGNORE_CARRY                                     ;
; AUTO_CASCADE_CHAINS    ; ON           ; AUTO_CASCADE                                     ;
; IGNORE_CASCADE_BUFFERS ; OFF          ; IGNORE_CASCADE                                   ;
; LPM_WIDTH              ; 16           ; Signed Integer                                   ;
; LPM_SIZE               ; 2            ; Signed Integer                                   ;
; LPM_WIDTHS             ; 1            ; Signed Integer                                   ;
; LPM_PIPELINE           ; 0            ; Untyped                                          ;
; CBXI_PARAMETER         ; mux_tsc      ; Untyped                                          ;
; DEVICE_FAMILY          ; Cyclone IV E ; Untyped                                          ;
+------------------------+--------------+--------------------------------------------------+
Note: In order to hide this table in the UI and the text report file, please set the "Show Parameter Settings in Synthesis Report" option in "Analysis and Synthesis Settings -> More Settings" to "Off".


+--------------------------------------------------------------------------------------------+
; Parameter Settings for User Entity Instance: ROM1PORT:inst|altsyncram:altsyncram_component ;
+------------------------------------+----------------------+--------------------------------+
; Parameter Name                     ; Value                ; Type                           ;
+------------------------------------+----------------------+--------------------------------+
; BYTE_SIZE_BLOCK                    ; 8                    ; Untyped                        ;
; AUTO_CARRY_CHAINS                  ; ON                   ; AUTO_CARRY                     ;
; IGNORE_CARRY_BUFFERS               ; OFF                  ; IGNORE_CARRY                   ;
; AUTO_CASCADE_CHAINS                ; ON                   ; AUTO_CASCADE                   ;
; IGNORE_CASCADE_BUFFERS             ; OFF                  ; IGNORE_CASCADE                 ;
; WIDTH_BYTEENA                      ; 1                    ; Untyped                        ;
; OPERATION_MODE                     ; ROM                  ; Untyped                        ;
; WIDTH_A                            ; 16                   ; Signed Integer                 ;
; WIDTHAD_A                          ; 3                    ; Signed Integer                 ;
; NUMWORDS_A                         ; 8                    ; Signed Integer                 ;
; OUTDATA_REG_A                      ; CLOCK0               ; Untyped                        ;
; ADDRESS_ACLR_A                     ; NONE                 ; Untyped                        ;
; OUTDATA_ACLR_A                     ; NONE                 ; Untyped                        ;
; WRCONTROL_ACLR_A                   ; NONE                 ; Untyped                        ;
; INDATA_ACLR_A                      ; NONE                 ; Untyped                        ;
; BYTEENA_ACLR_A                     ; NONE                 ; Untyped                        ;
; WIDTH_B                            ; 1                    ; Untyped                        ;
; WIDTHAD_B                          ; 1                    ; Untyped                        ;
; NUMWORDS_B                         ; 1                    ; Untyped                        ;
; INDATA_REG_B                       ; CLOCK1               ; Untyped                        ;
; WRCONTROL_WRADDRESS_REG_B          ; CLOCK1               ; Untyped                        ;
; RDCONTROL_REG_B                    ; CLOCK1               ; Untyped                        ;
; ADDRESS_REG_B                      ; CLOCK1               ; Untyped                        ;
; OUTDATA_REG_B                      ; UNREGISTERED         ; Untyped                        ;
; BYTEENA_REG_B                      ; CLOCK1               ; Untyped                        ;
; INDATA_ACLR_B                      ; NONE                 ; Untyped                        ;
; WRCONTROL_ACLR_B                   ; NONE                 ; Untyped                        ;
; ADDRESS_ACLR_B                     ; NONE                 ; Untyped                        ;
; OUTDATA_ACLR_B                     ; NONE                 ; Untyped                        ;
; RDCONTROL_ACLR_B                   ; NONE                 ; Untyped                        ;
; BYTEENA_ACLR_B                     ; NONE                 ; Untyped                        ;
; WIDTH_BYTEENA_A                    ; 1                    ; Signed Integer                 ;
; WIDTH_BYTEENA_B                    ; 1                    ; Untyped                        ;
; RAM_BLOCK_TYPE                     ; AUTO                 ; Untyped                        ;
; BYTE_SIZE                          ; 8                    ; Untyped                        ;
; READ_DURING_WRITE_MODE_MIXED_PORTS ; DONT_CARE            ; Untyped                        ;
; READ_DURING_WRITE_MODE_PORT_A      ; NEW_DATA_NO_NBE_READ ; Untyped                        ;
; READ_DURING_WRITE_MODE_PORT_B      ; NEW_DATA_NO_NBE_READ ; Untyped                        ;
; INIT_FILE                          ; ROM.mif              ; Untyped                        ;
; INIT_FILE_LAYOUT                   ; PORT_A               ; Untyped                        ;
; MAXIMUM_DEPTH                      ; 0                    ; Untyped                        ;
; CLOCK_ENABLE_INPUT_A               ; BYPASS               ; Untyped                        ;
; CLOCK_ENABLE_INPUT_B               ; NORMAL               ; Untyped                        ;
; CLOCK_ENABLE_OUTPUT_A              ; BYPASS               ; Untyped                        ;
; CLOCK_ENABLE_OUTPUT_B              ; NORMAL               ; Untyped                        ;
; CLOCK_ENABLE_CORE_A                ; USE_INPUT_CLKEN      ; Untyped                        ;
; CLOCK_ENABLE_CORE_B                ; USE_INPUT_CLKEN      ; Untyped                        ;
; ENABLE_ECC                         ; FALSE                ; Untyped                        ;
; ECC_PIPELINE_STAGE_ENABLED         ; FALSE                ; Untyped                        ;
; WIDTH_ECCSTATUS                    ; 3                    ; Untyped                        ;
; DEVICE_FAMILY                      ; Cyclone IV E         ; Untyped                        ;
; CBXI_PARAMETER                     ; altsyncram_js81      ; Untyped                        ;
+------------------------------------+----------------------+--------------------------------+
Note: In order to hide this table in the UI and the text report file, please set the "Show Parameter Settings in Synthesis Report" option in "Analysis and Synthesis Settings -> More Settings" to "Off".


+--------------------------------------------------------------------------------------+
; lpm_mult Parameter Settings by Entity Instance                                       ;
+---------------------------------------+----------------------------------------------+
; Name                                  ; Value                                        ;
+---------------------------------------+----------------------------------------------+
; Number of entity instances            ; 1                                            ;
; Entity Instance                       ; multiplier:inst5|lpm_mult:lpm_mult_component ;
;     -- LPM_WIDTHA                     ; 16                                           ;
;     -- LPM_WIDTHB                     ; 16                                           ;
;     -- LPM_WIDTHP                     ; 16                                           ;
;     -- LPM_REPRESENTATION             ; UNSIGNED                                     ;
;     -- INPUT_A_IS_CONSTANT            ; NO                                           ;
;     -- INPUT_B_IS_CONSTANT            ; NO                                           ;
;     -- USE_EAB                        ; OFF                                          ;
;     -- DEDICATED_MULTIPLIER_CIRCUITRY ; AUTO                                         ;
;     -- INPUT_A_FIXED_VALUE            ; Bx                                           ;
;     -- INPUT_B_FIXED_VALUE            ; Bx                                           ;
+---------------------------------------+----------------------------------------------+


+-------------------------------------------------------------------------------------------+
; altsyncram Parameter Settings by Entity Instance                                          ;
+-------------------------------------------+-----------------------------------------------+
; Name                                      ; Value                                         ;
+-------------------------------------------+-----------------------------------------------+
; Number of entity instances                ; 1                                             ;
; Entity Instance                           ; ROM1PORT:inst|altsyncram:altsyncram_component ;
;     -- OPERATION_MODE                     ; ROM                                           ;
;     -- WIDTH_A                            ; 16                                            ;
;     -- NUMWORDS_A                         ; 8                                             ;
;     -- OUTDATA_REG_A                      ; CLOCK0                                        ;
;     -- WIDTH_B                            ; 1                                             ;
;     -- NUMWORDS_B                         ; 1                                             ;
;     -- ADDRESS_REG_B                      ; CLOCK1                                        ;
;     -- OUTDATA_REG_B                      ; UNREGISTERED                                  ;
;     -- RAM_BLOCK_TYPE                     ; AUTO                                          ;
;     -- READ_DURING_WRITE_MODE_MIXED_PORTS ; DONT_CARE                                     ;
+-------------------------------------------+-----------------------------------------------+


+-----------------------------------------------------+
; Post-Synthesis Netlist Statistics for Top Partition ;
+-----------------------+-----------------------------+
; Type                  ; Count                       ;
+-----------------------+-----------------------------+
; boundary_port         ; 43                          ;
; cycloneiii_ff         ; 51                          ;
;     CLR               ; 2                           ;
;     ENA CLR           ; 49                          ;
; cycloneiii_lcell_comb ; 72                          ;
;     arith             ; 15                          ;
;         3 data inputs ; 15                          ;
;     normal            ; 57                          ;
;         1 data inputs ; 2                           ;
;         2 data inputs ; 34                          ;
;         3 data inputs ; 19                          ;
;         4 data inputs ; 2                           ;
; cycloneiii_mac_mult   ; 1                           ;
; cycloneiii_mac_out    ; 1                           ;
; cycloneiii_ram_block  ; 16                          ;
;                       ;                             ;
; Max LUT depth         ; 3.50                        ;
; Average LUT depth     ; 1.43                        ;
+-----------------------+-----------------------------+


+-------------------------------+
; Elapsed Time Per Partition    ;
+----------------+--------------+
; Partition Name ; Elapsed Time ;
+----------------+--------------+
; Top            ; 00:00:00     ;
+----------------+--------------+


+-------------------------------+
; Analysis & Synthesis Messages ;
+-------------------------------+
Info: *******************************************************************
Info: Running Quartus Prime Analysis & Synthesis
    Info: Version 20.1.0 Build 711 06/05/2020 SJ Lite Edition
    Info: Processing started: Sun Jan 09 01:36:58 2022
Info: Command: quartus_map --read_settings_files=on --write_settings_files=off tanx -c tanx
Warning (18236): Number of processors has not been specified which may cause overloading on shared machines.  Set the global assignment NUM_PARALLEL_PROCESSORS in your QSF to an appropriate value for best performance.
Info (20030): Parallel compilation is enabled and will use 6 of the 6 processors detected
Info (12021): Found 1 design units, including 1 entities, in source file register.v
    Info (12023): Found entity 1: register File: C:/Users/Asus/Desktop/CA6/part B/register.v Line: 2
Info (12021): Found 1 design units, including 1 entities, in source file counter.v
    Info (12023): Found entity 1: counter File: C:/Users/Asus/Desktop/CA6/part B/counter.v Line: 40
Info (12021): Found 1 design units, including 1 entities, in source file multiplexer.v
    Info (12023): Found entity 1: multiplexer File: C:/Users/Asus/Desktop/CA6/part B/multiplexer.v Line: 40
Info (12021): Found 1 design units, including 1 entities, in source file multiplier.v
    Info (12023): Found entity 1: multiplier File: C:/Users/Asus/Desktop/CA6/part B/multiplier.v Line: 40
Info (12021): Found 1 design units, including 1 entities, in source file adder.v
    Info (12023): Found entity 1: adder File: C:/Users/Asus/Desktop/CA6/part B/adder.v Line: 40
Info (12021): Found 1 design units, including 1 entities, in source file tanx.bdf
    Info (12023): Found entity 1: tanx
Info (12127): Elaborating entity "tanx" for the top level hierarchy
Info (12128): Elaborating entity "counter" for hierarchy "counter:inst7"
Info (12128): Elaborating entity "lpm_counter" for hierarchy "counter:inst7|lpm_counter:LPM_COUNTER_component" File: C:/Users/Asus/Desktop/CA6/part B/counter.v Line: 73
Info (12130): Elaborated megafunction instantiation "counter:inst7|lpm_counter:LPM_COUNTER_component" File: C:/Users/Asus/Desktop/CA6/part B/counter.v Line: 73
Info (12133): Instantiated megafunction "counter:inst7|lpm_counter:LPM_COUNTER_component" with the following parameter: File: C:/Users/Asus/Desktop/CA6/part B/counter.v Line: 73
    Info (12134): Parameter "lpm_direction" = "UP"
    Info (12134): Parameter "lpm_modulus" = "7"
    Info (12134): Parameter "lpm_port_updown" = "PORT_UNUSED"
    Info (12134): Parameter "lpm_type" = "LPM_COUNTER"
    Info (12134): Parameter "lpm_width" = "3"
Info (12021): Found 1 design units, including 1 entities, in source file db/cntr_2lk.tdf
    Info (12023): Found entity 1: cntr_2lk File: C:/Users/Asus/Desktop/CA6/part B/db/cntr_2lk.tdf Line: 25
Info (12128): Elaborating entity "cntr_2lk" for hierarchy "counter:inst7|lpm_counter:LPM_COUNTER_component|cntr_2lk:auto_generated" File: c:/intelfpga_lite/20.1/quartus/libraries/megafunctions/lpm_counter.tdf Line: 259
Info (12021): Found 1 design units, including 1 entities, in source file db/cmpr_pgc.tdf
    Info (12023): Found entity 1: cmpr_pgc File: C:/Users/Asus/Desktop/CA6/part B/db/cmpr_pgc.tdf Line: 23
Info (12128): Elaborating entity "cmpr_pgc" for hierarchy "counter:inst7|lpm_counter:LPM_COUNTER_component|cntr_2lk:auto_generated|cmpr_pgc:cmpr2" File: C:/Users/Asus/Desktop/CA6/part B/db/cntr_2lk.tdf Line: 40
Info (12128): Elaborating entity "register" for hierarchy "register:inst3"
Info (12128): Elaborating entity "adder" for hierarchy "adder:inst8"
Info (12128): Elaborating entity "lpm_add_sub" for hierarchy "adder:inst8|lpm_add_sub:LPM_ADD_SUB_component" File: C:/Users/Asus/Desktop/CA6/part B/adder.v Line: 66
Info (12130): Elaborated megafunction instantiation "adder:inst8|lpm_add_sub:LPM_ADD_SUB_component" File: C:/Users/Asus/Desktop/CA6/part B/adder.v Line: 66
Info (12133): Instantiated megafunction "adder:inst8|lpm_add_sub:LPM_ADD_SUB_component" with the following parameter: File: C:/Users/Asus/Desktop/CA6/part B/adder.v Line: 66
    Info (12134): Parameter "lpm_direction" = "ADD"
    Info (12134): Parameter "lpm_hint" = "ONE_INPUT_IS_CONSTANT=NO,CIN_USED=NO"
    Info (12134): Parameter "lpm_representation" = "UNSIGNED"
    Info (12134): Parameter "lpm_type" = "LPM_ADD_SUB"
    Info (12134): Parameter "lpm_width" = "16"
Info (12021): Found 1 design units, including 1 entities, in source file db/add_sub_dqh.tdf
    Info (12023): Found entity 1: add_sub_dqh File: C:/Users/Asus/Desktop/CA6/part B/db/add_sub_dqh.tdf Line: 23
Info (12128): Elaborating entity "add_sub_dqh" for hierarchy "adder:inst8|lpm_add_sub:LPM_ADD_SUB_component|add_sub_dqh:auto_generated" File: c:/intelfpga_lite/20.1/quartus/libraries/megafunctions/lpm_add_sub.tdf Line: 119
Info (12128): Elaborating entity "multiplier" for hierarchy "multiplier:inst5"
Info (12128): Elaborating entity "lpm_mult" for hierarchy "multiplier:inst5|lpm_mult:lpm_mult_component" File: C:/Users/Asus/Desktop/CA6/part B/multiplier.v Line: 60
Info (12130): Elaborated megafunction instantiation "multiplier:inst5|lpm_mult:lpm_mult_component" File: C:/Users/Asus/Desktop/CA6/part B/multiplier.v Line: 60
Info (12133): Instantiated megafunction "multiplier:inst5|lpm_mult:lpm_mult_component" with the following parameter: File: C:/Users/Asus/Desktop/CA6/part B/multiplier.v Line: 60
    Info (12134): Parameter "lpm_hint" = "MAXIMIZE_SPEED=5"
    Info (12134): Parameter "lpm_representation" = "UNSIGNED"
    Info (12134): Parameter "lpm_type" = "LPM_MULT"
    Info (12134): Parameter "lpm_widtha" = "16"
    Info (12134): Parameter "lpm_widthb" = "16"
    Info (12134): Parameter "lpm_widthp" = "16"
Info (12021): Found 1 design units, including 1 entities, in source file db/mult_qfn.tdf
    Info (12023): Found entity 1: mult_qfn File: C:/Users/Asus/Desktop/CA6/part B/db/mult_qfn.tdf Line: 29
Info (12128): Elaborating entity "mult_qfn" for hierarchy "multiplier:inst5|lpm_mult:lpm_mult_component|mult_qfn:auto_generated" File: c:/intelfpga_lite/20.1/quartus/libraries/megafunctions/lpm_mult.tdf Line: 377
Info (12128): Elaborating entity "multiplexer" for hierarchy "multiplexer:inst6"
Info (12128): Elaborating entity "lpm_mux" for hierarchy "multiplexer:inst6|lpm_mux:LPM_MUX_component" File: C:/Users/Asus/Desktop/CA6/part B/multiplexer.v Line: 69
Info (12130): Elaborated megafunction instantiation "multiplexer:inst6|lpm_mux:LPM_MUX_component" File: C:/Users/Asus/Desktop/CA6/part B/multiplexer.v Line: 69
Info (12133): Instantiated megafunction "multiplexer:inst6|lpm_mux:LPM_MUX_component" with the following parameter: File: C:/Users/Asus/Desktop/CA6/part B/multiplexer.v Line: 69
    Info (12134): Parameter "lpm_size" = "2"
    Info (12134): Parameter "lpm_type" = "LPM_MUX"
    Info (12134): Parameter "lpm_width" = "16"
    Info (12134): Parameter "lpm_widths" = "1"
Info (12021): Found 1 design units, including 1 entities, in source file db/mux_tsc.tdf
    Info (12023): Found entity 1: mux_tsc File: C:/Users/Asus/Desktop/CA6/part B/db/mux_tsc.tdf Line: 23
Info (12128): Elaborating entity "mux_tsc" for hierarchy "multiplexer:inst6|lpm_mux:LPM_MUX_component|mux_tsc:auto_generated" File: c:/intelfpga_lite/20.1/quartus/libraries/megafunctions/lpm_mux.tdf Line: 87
Warning (12125): Using design file rom1port.v, which is not specified as a design file for the current project, but contains definitions for 1 design units and 1 entities in project
    Info (12023): Found entity 1: ROM1PORT File: C:/Users/Asus/Desktop/CA6/part B/rom1port.v Line: 40
Info (12128): Elaborating entity "ROM1PORT" for hierarchy "ROM1PORT:inst"
Info (12128): Elaborating entity "altsyncram" for hierarchy "ROM1PORT:inst|altsyncram:altsyncram_component" File: C:/Users/Asus/Desktop/CA6/part B/rom1port.v Line: 82
Info (12130): Elaborated megafunction instantiation "ROM1PORT:inst|altsyncram:altsyncram_component" File: C:/Users/Asus/Desktop/CA6/part B/rom1port.v Line: 82
Info (12133): Instantiated megafunction "ROM1PORT:inst|altsyncram:altsyncram_component" with the following parameter: File: C:/Users/Asus/Desktop/CA6/part B/rom1port.v Line: 82
    Info (12134): Parameter "address_aclr_a" = "NONE"
    Info (12134): Parameter "clock_enable_input_a" = "BYPASS"
    Info (12134): Parameter "clock_enable_output_a" = "BYPASS"
    Info (12134): Parameter "init_file" = "ROM.mif"
    Info (12134): Parameter "intended_device_family" = "Cyclone IV E"
    Info (12134): Parameter "lpm_hint" = "ENABLE_RUNTIME_MOD=NO"
    Info (12134): Parameter "lpm_type" = "altsyncram"
    Info (12134): Parameter "numwords_a" = "8"
    Info (12134): Parameter "operation_mode" = "ROM"
    Info (12134): Parameter "outdata_aclr_a" = "NONE"
    Info (12134): Parameter "outdata_reg_a" = "CLOCK0"
    Info (12134): Parameter "widthad_a" = "3"
    Info (12134): Parameter "width_a" = "16"
    Info (12134): Parameter "width_byteena_a" = "1"
Info (12021): Found 1 design units, including 1 entities, in source file db/altsyncram_js81.tdf
    Info (12023): Found entity 1: altsyncram_js81 File: C:/Users/Asus/Desktop/CA6/part B/db/altsyncram_js81.tdf Line: 28
Info (12128): Elaborating entity "altsyncram_js81" for hierarchy "ROM1PORT:inst|altsyncram:altsyncram_component|altsyncram_js81:auto_generated" File: c:/intelfpga_lite/20.1/quartus/libraries/megafunctions/altsyncram.tdf Line: 792
Info (13000): Registers with preset signals will power-up high File: C:/Users/Asus/Desktop/CA6/part B/register.v Line: 7
Info (13003): DEV_CLRn pin will set, and not reset, register with preset signal due to NOT Gate Push-Back
Info (286030): Timing-Driven Synthesis is running
Info (16010): Generating hard_block partition "hard_block:auto_generated_inst"
    Info (16011): Adding 0 node(s), including 0 DDIO, 0 PLL, 0 transceiver and 0 LCELL
Info (21057): Implemented 147 device resources after synthesis - the final resource count might be different
    Info (21058): Implemented 26 input pins
    Info (21059): Implemented 17 output pins
    Info (21061): Implemented 86 logic cells
    Info (21064): Implemented 16 RAM segments
    Info (21062): Implemented 2 DSP elements
Info: Quartus Prime Analysis & Synthesis was successful. 0 errors, 2 warnings
    Info: Peak virtual memory: 4790 megabytes
    Info: Processing ended: Sun Jan 09 01:37:05 2022
    Info: Elapsed time: 00:00:07
    Info: Total CPU time (on all processors): 00:00:15


