Flow report for tanx
Sun Jan 09 01:37:14 2022
Quartus Prime Version 20.1.0 Build 711 06/05/2020 SJ Lite Edition


---------------------
; Table of Contents ;
---------------------
  1. Legal Notice
  2. Flow Summary
  3. Flow Settings
  4. Flow Non-Default Global Settings
  5. Flow Elapsed Time
  6. Flow OS Summary
  7. Flow Log
  8. Flow Messages
  9. Flow Suppressed Messages



----------------
; Legal Notice ;
----------------
Copyright (C) 2020  Intel Corporation. All rights reserved.
Your use of Intel Corporation's design tools, logic functions 
and other software and tools, and any partner logic 
functions, and any output files from any of the foregoing 
(including device programming or simulation files), and any 
associated documentation or information are expressly subject 
to the terms and conditions of the Intel Program License 
Subscription Agreement, the Intel Quartus Prime License Agreement,
the Intel FPGA IP License Agreement, or other applicable license
agreement, including, without limitation, that your use is for
the sole purpose of programming logic devices manufactured by
Intel and sold by Intel or its authorized distributors.  Please
refer to the applicable agreement for further details, at
https://fpgasoftware.intel.com/eula.



+----------------------------------------------------------------------------------+
; Flow Summary                                                                     ;
+------------------------------------+---------------------------------------------+
; Flow Status                        ; Successful - Sun Jan 09 01:37:14 2022       ;
; Quartus Prime Version              ; 20.1.0 Build 711 06/05/2020 SJ Lite Edition ;
; Revision Name                      ; tanx                                        ;
; Top-level Entity Name              ; tanx                                        ;
; Family                             ; Cyclone IV E                                ;
; Device                             ; EP4CE6E22A7                                 ;
; Timing Models                      ; Final                                       ;
; Total logic elements               ; 71 / 6,272 ( 1 % )                          ;
;     Total combinational functions  ; 71 / 6,272 ( 1 % )                          ;
;     Dedicated logic registers      ; 51 / 6,272 ( < 1 % )                        ;
; Total registers                    ; 51                                          ;
; Total pins                         ; 43 / 92 ( 47 % )                            ;
; Total virtual pins                 ; 0                                           ;
; Total memory bits                  ; 128 / 276,480 ( < 1 % )                     ;
; Embedded Multiplier 9-bit elements ; 2 / 30 ( 7 % )                              ;
; Total PLLs                         ; 0 / 2 ( 0 % )                               ;
+------------------------------------+---------------------------------------------+


+-----------------------------------------+
; Flow Settings                           ;
+-------------------+---------------------+
; Option            ; Setting             ;
+-------------------+---------------------+
; Start date & time ; 01/09/2022 01:36:58 ;
; Main task         ; Compilation         ;
; Revision Name     ; tanx                ;
+-------------------+---------------------+


+------------------------------------------------------------------------------------------------------------------------------------------------+
; Flow Non-Default Global Settings                                                                                                               ;
+-------------------------------------+----------------------------------------+---------------+-------------+-----------------------------------+
; Assignment Name                     ; Value                                  ; Default Value ; Entity Name ; Section Id                        ;
+-------------------------------------+----------------------------------------+---------------+-------------+-----------------------------------+
; COMPILER_SIGNATURE_ID               ; 1098164411470.164167961816476          ; --            ; --          ; --                                ;
; EDA_GENERATE_FUNCTIONAL_NETLIST     ; Off                                    ; --            ; --          ; eda_board_design_timing           ;
; EDA_GENERATE_FUNCTIONAL_NETLIST     ; Off                                    ; --            ; --          ; eda_simulation                    ;
; EDA_GENERATE_FUNCTIONAL_NETLIST     ; Off                                    ; --            ; --          ; eda_board_design_boundary_scan    ;
; EDA_GENERATE_FUNCTIONAL_NETLIST     ; Off                                    ; --            ; --          ; eda_board_design_signal_integrity ;
; EDA_GENERATE_FUNCTIONAL_NETLIST     ; Off                                    ; --            ; --          ; eda_board_design_symbol           ;
; EDA_OUTPUT_DATA_FORMAT              ; Verilog Hdl                            ; --            ; --          ; eda_simulation                    ;
; EDA_SIMULATION_TOOL                 ; ModelSim-Altera (Verilog)              ; <None>        ; --          ; --                                ;
; EDA_TIME_SCALE                      ; 1 ps                                   ; --            ; --          ; eda_simulation                    ;
; MAX_CORE_JUNCTION_TEMP              ; 125                                    ; --            ; --          ; --                                ;
; MIN_CORE_JUNCTION_TEMP              ; -40                                    ; --            ; --          ; --                                ;
; MISC_FILE                           ; counter.bsf                            ; --            ; --          ; --                                ;
; MISC_FILE                           ; counter_inst.v                         ; --            ; --          ; --                                ;
; MISC_FILE                           ; counter_bb.v                           ; --            ; --          ; --                                ;
; MISC_FILE                           ; counter.inc                            ; --            ; --          ; --                                ;
; MISC_FILE                           ; counter.cmp                            ; --            ; --          ; --                                ;
; MISC_FILE                           ; multiplexer.bsf                        ; --            ; --          ; --                                ;
; MISC_FILE                           ; multiplexer_inst.v                     ; --            ; --          ; --                                ;
; MISC_FILE                           ; multiplexer_bb.v                       ; --            ; --          ; --                                ;
; MISC_FILE                           ; multiplexer.inc                        ; --            ; --          ; --                                ;
; MISC_FILE                           ; multiplexer.cmp                        ; --            ; --          ; --                                ;
; MISC_FILE                           ; multiplier.bsf                         ; --            ; --          ; --                                ;
; MISC_FILE                           ; multiplier_inst.v                      ; --            ; --          ; --                                ;
; MISC_FILE                           ; multiplier_bb.v                        ; --            ; --          ; --                                ;
; MISC_FILE                           ; multiplier.inc                         ; --            ; --          ; --                                ;
; MISC_FILE                           ; multiplier.cmp                         ; --            ; --          ; --                                ;
; MISC_FILE                           ; adder.bsf                              ; --            ; --          ; --                                ;
; MISC_FILE                           ; adder_inst.v                           ; --            ; --          ; --                                ;
; MISC_FILE                           ; adder_bb.v                             ; --            ; --          ; --                                ;
; MISC_FILE                           ; adder.inc                              ; --            ; --          ; --                                ;
; MISC_FILE                           ; adder.cmp                              ; --            ; --          ; --                                ;
; NOMINAL_CORE_SUPPLY_VOLTAGE         ; 1.2V                                   ; --            ; --          ; --                                ;
; PARTITION_COLOR                     ; -- (Not supported for targeted family) ; --            ; --          ; Top                               ;
; PARTITION_FITTER_PRESERVATION_LEVEL ; -- (Not supported for targeted family) ; --            ; --          ; Top                               ;
; PARTITION_NETLIST_TYPE              ; -- (Not supported for targeted family) ; --            ; --          ; Top                               ;
; POWER_BOARD_THERMAL_MODEL           ; None (CONSERVATIVE)                    ; --            ; --          ; --                                ;
; POWER_PRESET_COOLING_SOLUTION       ; 23 MM HEAT SINK WITH 200 LFPM AIRFLOW  ; --            ; --          ; --                                ;
; PROJECT_OUTPUT_DIRECTORY            ; output_files                           ; --            ; --          ; --                                ;
+-------------------------------------+----------------------------------------+---------------+-------------+-----------------------------------+


+--------------------------------------------------------------------------------------------------------------------------+
; Flow Elapsed Time                                                                                                        ;
+----------------------+--------------+-------------------------+---------------------+------------------------------------+
; Module Name          ; Elapsed Time ; Average Processors Used ; Peak Virtual Memory ; Total CPU Time (on all processors) ;
+----------------------+--------------+-------------------------+---------------------+------------------------------------+
; Analysis & Synthesis ; 00:00:06     ; 1.0                     ; 4790 MB             ; 00:00:15                           ;
; Fitter               ; 00:00:04     ; 1.0                     ; 5623 MB             ; 00:00:04                           ;
; Assembler            ; 00:00:00     ; 1.0                     ; 4680 MB             ; 00:00:01                           ;
; Timing Analyzer      ; 00:00:01     ; 1.0                     ; 4776 MB             ; 00:00:01                           ;
; EDA Netlist Writer   ; 00:00:01     ; 1.0                     ; 4643 MB             ; 00:00:01                           ;
; Total                ; 00:00:12     ; --                      ; --                  ; 00:00:22                           ;
+----------------------+--------------+-------------------------+---------------------+------------------------------------+


+------------------------------------------------------------------------------------+
; Flow OS Summary                                                                    ;
+----------------------+------------------+------------+------------+----------------+
; Module Name          ; Machine Hostname ; OS Name    ; OS Version ; Processor type ;
+----------------------+------------------+------------+------------+----------------+
; Analysis & Synthesis ; DESKTOP-70FRGGC  ; Windows 10 ; 10.0       ; x86_64         ;
; Fitter               ; DESKTOP-70FRGGC  ; Windows 10 ; 10.0       ; x86_64         ;
; Assembler            ; DESKTOP-70FRGGC  ; Windows 10 ; 10.0       ; x86_64         ;
; Timing Analyzer      ; DESKTOP-70FRGGC  ; Windows 10 ; 10.0       ; x86_64         ;
; EDA Netlist Writer   ; DESKTOP-70FRGGC  ; Windows 10 ; 10.0       ; x86_64         ;
+----------------------+------------------+------------+------------+----------------+


------------
; Flow Log ;
------------
quartus_map --read_settings_files=on --write_settings_files=off tanx -c tanx
quartus_fit --read_settings_files=off --write_settings_files=off tanx -c tanx
quartus_asm --read_settings_files=off --write_settings_files=off tanx -c tanx
quartus_sta tanx -c tanx
quartus_eda --read_settings_files=off --write_settings_files=off tanx -c tanx



